2023-01-17 14:47:58,316 INFO org.springframework.boot.StartupInfoLogger Starting BookingApplicationTests on williams-MacBook-Pro.local with PID 86189 (started by williamgordon in /Users/williamgordon/workspace/datalake/sse/rabbit-cabs/cabsbooking)
2023-01-17 14:47:58,317 DEBUG org.springframework.boot.StartupInfoLogger Running with Spring Boot v2.2.4.RELEASE, Spring v5.2.3.RELEASE
2023-01-17 14:47:58,318 INFO org.springframework.boot.SpringApplication No active profile set, falling back to default profiles: default
2023-01-17 14:47:58,817 INFO org.springframework.data.repository.config.RepositoryConfigurationDelegate Bootstrapping Spring Data JPA repositories in DEFAULT mode.
2023-01-17 14:47:58,888 INFO org.springframework.data.repository.config.RepositoryConfigurationDelegate Finished Spring Data repository scanning in 61ms. Found 1 JPA repository interfaces.
2023-01-17 14:47:59,252 INFO org.springframework.context.support.PostProcessorRegistrationDelegate$BeanPostProcessorChecker Bean 'org.springframework.transaction.annotation.ProxyTransactionManagementConfiguration' of type [org.springframework.transaction.annotation.ProxyTransactionManagementConfiguration] is not eligible for getting processed by all BeanPostProcessors (for example: not eligible for auto-proxying)
2023-01-17 14:47:59,525 INFO org.hibernate.jpa.internal.util.LogHelper HHH000204: Processing PersistenceUnitInfo [name: default]
2023-01-17 14:47:59,612 INFO org.hibernate.Version HHH000412: Hibernate Core {5.4.10.Final}
2023-01-17 14:47:59,734 INFO org.hibernate.annotations.common.reflection.java.JavaReflectionManager HCANN000001: Hibernate Commons Annotations {5.1.0.Final}
2023-01-17 14:47:59,852 INFO com.zaxxer.hikari.HikariDataSource HikariPool-1 - Starting...
2023-01-17 14:48:00,064 INFO com.zaxxer.hikari.HikariDataSource HikariPool-1 - Start completed.
2023-01-17 14:48:00,094 INFO org.hibernate.dialect.Dialect HHH000400: Using dialect: org.hibernate.dialect.H2Dialect
2023-01-17 14:48:00,847 INFO org.hibernate.engine.transaction.jta.platform.internal.JtaPlatformInitiator HHH000490: Using JtaPlatform implementation: [org.hibernate.engine.transaction.jta.platform.internal.NoJtaPlatform]
2023-01-17 14:48:00,854 INFO org.springframework.orm.jpa.AbstractEntityManagerFactoryBean Initialized JPA EntityManagerFactory for persistence unit 'default'
2023-01-17 14:48:01,463 WARN org.springframework.boot.autoconfigure.orm.jpa.JpaBaseConfiguration$JpaWebConfiguration spring.jpa.open-in-view is enabled by default. Therefore, database queries may be performed during view rendering. Explicitly configure spring.jpa.open-in-view to disable this warning
2023-01-17 14:48:01,760 INFO org.springframework.scheduling.concurrent.ExecutorConfigurationSupport Initializing ExecutorService 'applicationTaskExecutor'
2023-01-17 14:48:02,041 INFO org.springframework.boot.autoconfigure.h2.H2ConsoleAutoConfiguration H2 console available at '/h2-console'. Database available at 'jdbc:h2:mem:ecabs'
2023-01-17 14:48:02,131 INFO org.springframework.amqp.rabbit.connection.AbstractConnectionFactory Attempting to connect to: [localhost:5672]
2023-01-17 14:48:02,177 INFO org.springframework.amqp.rabbit.connection.AbstractConnectionFactory Created new connection: rabbitConnectionFactory#322b09da:0/SimpleConnection@714bffd5 [delegate=amqp://guest@127.0.0.1:5672/, localPort= 57893]
2023-01-17 14:48:02,485 INFO org.springframework.boot.StartupInfoLogger Started BookingApplicationTests in 4.456 seconds (JVM running for 5.128)
2023-01-17 14:48:02,645 INFO org.springframework.amqp.rabbit.listener.SimpleMessageListenerContainer Waiting for workers to finish.
2023-01-17 14:48:03,483 INFO org.springframework.amqp.rabbit.listener.SimpleMessageListenerContainer Successfully waited for workers to finish.
2023-01-17 14:48:03,484 INFO org.springframework.amqp.rabbit.listener.SimpleMessageListenerContainer Waiting for workers to finish.
2023-01-17 14:48:04,485 INFO org.springframework.amqp.rabbit.listener.SimpleMessageListenerContainer Successfully waited for workers to finish.
2023-01-17 14:48:04,487 INFO org.springframework.amqp.rabbit.listener.SimpleMessageListenerContainer Waiting for workers to finish.
2023-01-17 14:48:04,488 INFO org.springframework.amqp.rabbit.listener.SimpleMessageListenerContainer Successfully waited for workers to finish.
2023-01-17 14:48:04,490 INFO org.springframework.amqp.rabbit.listener.SimpleMessageListenerContainer Waiting for workers to finish.
2023-01-17 14:48:05,490 INFO org.springframework.amqp.rabbit.listener.SimpleMessageListenerContainer Successfully waited for workers to finish.
2023-01-17 14:48:05,495 INFO org.springframework.scheduling.concurrent.ExecutorConfigurationSupport Shutting down ExecutorService 'applicationTaskExecutor'
2023-01-17 14:48:05,496 INFO org.springframework.amqp.rabbit.listener.AbstractMessageListenerContainer Shutdown ignored - container is not active already
2023-01-17 14:48:05,496 INFO org.springframework.amqp.rabbit.listener.AbstractMessageListenerContainer Shutdown ignored - container is not active already
2023-01-17 14:48:05,496 INFO org.springframework.amqp.rabbit.listener.AbstractMessageListenerContainer Shutdown ignored - container is not active already
2023-01-17 14:48:05,497 INFO org.springframework.amqp.rabbit.listener.AbstractMessageListenerContainer Shutdown ignored - container is not active already
2023-01-17 14:48:05,501 INFO org.springframework.orm.jpa.AbstractEntityManagerFactoryBean Closing JPA EntityManagerFactory for persistence unit 'default'
2023-01-17 14:48:05,502 INFO com.zaxxer.hikari.HikariDataSource HikariPool-1 - Shutdown initiated...
2023-01-17 14:48:05,504 INFO com.zaxxer.hikari.HikariDataSource HikariPool-1 - Shutdown completed.
2023-01-17 14:48:18,901 INFO org.springframework.boot.StartupInfoLogger Starting BookingApplication v0.0.1 on williams-MacBook-Pro.local with PID 86261 (/Users/williamgordon/workspace/datalake/sse/rabbit-cabs/cabsbooking/target/booking-0.0.1.jar started by williamgordon in /Users/williamgordon/workspace/datalake/sse/rabbit-cabs/cabsbooking)
2023-01-17 14:48:18,903 DEBUG org.springframework.boot.StartupInfoLogger Running with Spring Boot v2.2.4.RELEASE, Spring v5.2.3.RELEASE
2023-01-17 14:48:18,904 INFO org.springframework.boot.SpringApplication No active profile set, falling back to default profiles: default
2023-01-17 14:48:19,441 INFO org.springframework.data.repository.config.RepositoryConfigurationDelegate Bootstrapping Spring Data JPA repositories in DEFAULT mode.
2023-01-17 14:48:19,481 INFO org.springframework.data.repository.config.RepositoryConfigurationDelegate Finished Spring Data repository scanning in 34ms. Found 1 JPA repository interfaces.
2023-01-17 14:48:19,783 INFO org.springframework.context.support.PostProcessorRegistrationDelegate$BeanPostProcessorChecker Bean 'org.springframework.transaction.annotation.ProxyTransactionManagementConfiguration' of type [org.springframework.transaction.annotation.ProxyTransactionManagementConfiguration] is not eligible for getting processed by all BeanPostProcessors (for example: not eligible for auto-proxying)
2023-01-17 14:48:20,005 INFO org.springframework.boot.web.embedded.tomcat.TomcatWebServer Tomcat initialized with port(s): 8080 (http)
2023-01-17 14:48:20,013 INFO org.apache.juli.logging.DirectJDKLog Initializing ProtocolHandler ["http-nio-8080"]
2023-01-17 14:48:20,014 INFO org.apache.juli.logging.DirectJDKLog Starting service [Tomcat]
2023-01-17 14:48:20,014 INFO org.apache.juli.logging.DirectJDKLog Starting Servlet engine: [Apache Tomcat/9.0.30]
2023-01-17 14:48:20,058 INFO org.apache.juli.logging.DirectJDKLog Initializing Spring embedded WebApplicationContext
2023-01-17 14:48:20,058 INFO org.springframework.boot.web.servlet.context.ServletWebServerApplicationContext Root WebApplicationContext: initialization completed in 1120 ms
2023-01-17 14:48:20,097 INFO com.zaxxer.hikari.HikariDataSource HikariPool-1 - Starting...
2023-01-17 14:48:20,326 INFO com.zaxxer.hikari.HikariDataSource HikariPool-1 - Start completed.
2023-01-17 14:48:20,333 INFO org.springframework.boot.autoconfigure.h2.H2ConsoleAutoConfiguration H2 console available at '/h2-console'. Database available at 'jdbc:h2:mem:ecabs'
2023-01-17 14:48:20,448 INFO org.hibernate.jpa.internal.util.LogHelper HHH000204: Processing PersistenceUnitInfo [name: default]
2023-01-17 14:48:20,517 INFO org.hibernate.Version HHH000412: Hibernate Core {5.4.10.Final}
2023-01-17 14:48:20,657 INFO org.hibernate.annotations.common.reflection.java.JavaReflectionManager HCANN000001: Hibernate Commons Annotations {5.1.0.Final}
2023-01-17 14:48:20,798 INFO org.hibernate.dialect.Dialect HHH000400: Using dialect: org.hibernate.dialect.H2Dialect
2023-01-17 14:48:21,477 INFO org.hibernate.engine.transaction.jta.platform.internal.JtaPlatformInitiator HHH000490: Using JtaPlatform implementation: [org.hibernate.engine.transaction.jta.platform.internal.NoJtaPlatform]
2023-01-17 14:48:21,484 INFO org.springframework.orm.jpa.AbstractEntityManagerFactoryBean Initialized JPA EntityManagerFactory for persistence unit 'default'
2023-01-17 14:48:21,823 WARN org.springframework.boot.autoconfigure.orm.jpa.JpaBaseConfiguration$JpaWebConfiguration spring.jpa.open-in-view is enabled by default. Therefore, database queries may be performed during view rendering. Explicitly configure spring.jpa.open-in-view to disable this warning
2023-01-17 14:48:21,941 INFO org.springframework.scheduling.concurrent.ExecutorConfigurationSupport Initializing ExecutorService 'applicationTaskExecutor'
2023-01-17 14:48:22,315 INFO org.springframework.amqp.rabbit.connection.AbstractConnectionFactory Attempting to connect to: [localhost:5672]
2023-01-17 14:48:22,366 INFO org.springframework.amqp.rabbit.connection.AbstractConnectionFactory Created new connection: rabbitConnectionFactory#3fa247d1:0/SimpleConnection@6f63b475 [delegate=amqp://guest@127.0.0.1:5672/, localPort= 57894]
2023-01-17 14:48:22,425 INFO org.apache.juli.logging.DirectJDKLog Starting ProtocolHandler ["http-nio-8080"]
2023-01-17 14:48:22,443 INFO org.springframework.boot.web.embedded.tomcat.TomcatWebServer Tomcat started on port(s): 8080 (http) with context path ''
2023-01-17 14:48:22,445 INFO org.springframework.boot.StartupInfoLogger Started BookingApplication in 3.881 seconds (JVM running for 4.235)
2023-01-17 14:49:27,191 INFO org.apache.juli.logging.DirectJDKLog Initializing Spring DispatcherServlet 'dispatcherServlet'
2023-01-17 14:49:27,191 INFO org.springframework.web.servlet.FrameworkServlet Initializing Servlet 'dispatcherServlet'
2023-01-17 14:49:27,198 INFO org.springframework.web.servlet.FrameworkServlet Completed initialization in 7 ms
2023-01-17 14:53:52,553 INFO org.springframework.amqp.rabbit.listener.SimpleMessageListenerContainer Waiting for workers to finish.
2023-01-17 14:53:53,175 INFO org.springframework.amqp.rabbit.listener.SimpleMessageListenerContainer Successfully waited for workers to finish.
2023-01-17 14:53:53,176 INFO org.springframework.amqp.rabbit.listener.SimpleMessageListenerContainer Waiting for workers to finish.
2023-01-17 14:53:54,174 INFO org.springframework.amqp.rabbit.listener.SimpleMessageListenerContainer Successfully waited for workers to finish.
2023-01-17 14:53:54,175 INFO org.springframework.amqp.rabbit.listener.SimpleMessageListenerContainer Waiting for workers to finish.
2023-01-17 14:53:55,177 INFO org.springframework.amqp.rabbit.listener.SimpleMessageListenerContainer Successfully waited for workers to finish.
2023-01-17 14:53:55,178 INFO org.springframework.amqp.rabbit.listener.SimpleMessageListenerContainer Waiting for workers to finish.
2023-01-17 14:53:56,177 INFO org.springframework.amqp.rabbit.listener.SimpleMessageListenerContainer Successfully waited for workers to finish.
2023-01-17 14:53:56,181 INFO org.springframework.scheduling.concurrent.ExecutorConfigurationSupport Shutting down ExecutorService 'applicationTaskExecutor'
2023-01-17 14:53:56,181 INFO org.springframework.amqp.rabbit.listener.AbstractMessageListenerContainer Shutdown ignored - container is not active already
2023-01-17 14:53:56,181 INFO org.springframework.amqp.rabbit.listener.AbstractMessageListenerContainer Shutdown ignored - container is not active already
2023-01-17 14:53:56,181 INFO org.springframework.amqp.rabbit.listener.AbstractMessageListenerContainer Shutdown ignored - container is not active already
2023-01-17 14:53:56,182 INFO org.springframework.amqp.rabbit.listener.AbstractMessageListenerContainer Shutdown ignored - container is not active already
2023-01-17 14:53:56,187 INFO org.springframework.orm.jpa.AbstractEntityManagerFactoryBean Closing JPA EntityManagerFactory for persistence unit 'default'
2023-01-17 14:53:56,188 INFO com.zaxxer.hikari.HikariDataSource HikariPool-1 - Shutdown initiated...
2023-01-17 14:53:56,190 INFO com.zaxxer.hikari.HikariDataSource HikariPool-1 - Shutdown completed.
